<?xml version="1.0" encoding="UTF-8"?>
<testsuite xmlns:xsi="http://www.w3.org/2001/XMLSchema-instance" xsi:noNamespaceSchemaLocation="https://maven.apache.org/surefire/maven-surefire-plugin/xsd/surefire-test-report-3.0.xsd" version="3.0" name="no.hvl.dat110.unit.tests.TestMutex" time="26.501" tests="1" errors="0" skipped="0" failures="0">
  <properties>
[...]
</properties>
  <testcase name="test" classname="no.hvl.dat110.unit.tests.TestMutex" time="0.025">
    <system-out><![CDATA[2024-04-14 23:17:26 INFO  NodeServer:50 - process1 server is running... 
process1:9091
2024-04-14 23:17:26 INFO  ChordProtocols:109 - New ring created. Node = process1 | Successor = process1 | Predecessor = null
2024-04-14 23:17:28 INFO  NodeServer:50 - process2 server is running... 
process1:9091
2024-04-14 23:17:28 INFO  ChordProtocols:69 - JoinRing-randomNode = process1
2024-04-14 23:17:28 INFO  ChordProtocols:159 - Fixing the FingerTable for the Node: process2
2024-04-14 23:17:28 INFO  ChordProtocols:190 - FingerTabele successfully updated for the node: process2
2024-04-14 23:17:28 INFO  ChordLookup:97 - copy file keys that are <= process2 from successor process1 to process2
2024-04-14 23:17:28 INFO  ChordLookup:114 - Finished copying file keys from successor process1 to process2
2024-04-14 23:17:28 INFO  ChordProtocols:87 - process2 is between null | process1
2024-04-14 23:17:30 INFO  NodeServer:50 - process3 server is running... 
process1:9091
2024-04-14 23:17:30 INFO  ChordProtocols:69 - JoinRing-randomNode = process1
2024-04-14 23:17:30 INFO  ChordProtocols:159 - Fixing the FingerTable for the Node: process3
2024-04-14 23:17:30 INFO  ChordProtocols:190 - FingerTabele successfully updated for the node: process3
2024-04-14 23:17:30 INFO  ChordLookup:97 - copy file keys that are <= process3 from successor process1 to process3
2024-04-14 23:17:30 INFO  ChordLookup:114 - Finished copying file keys from successor process1 to process3
2024-04-14 23:17:30 INFO  ChordProtocols:87 - process3 is between null | process1
2024-04-14 23:17:31 INFO  StabilizationProtocols:130 - Updating the successor for Node: process1
2024-04-14 23:17:31 INFO  StabilizationProtocols:165 - Finished updating the successor for Node: process1
2024-04-14 23:17:31 INFO  StabilizationProtocols:84 - Stabilizing ring from process1...
2024-04-14 23:17:31 INFO  StabilizationProtocols:91 - Stabilize ring: succnode = process1
2024-04-14 23:17:31 INFO  StabilizationProtocols:113 - Finished stabilizing chordring from process1
2024-04-14 23:17:31 INFO  ChordProtocols:159 - Fixing the FingerTable for the Node: process1
2024-04-14 23:17:31 INFO  ChordProtocols:190 - FingerTabele successfully updated for the node: process1
2024-04-14 23:17:31 INFO  StabilizationProtocols:60 - Checking the predecessor for Node: process1
==================================
Node Identifier = 53937554629190552131995290006614509577
Node IP address = process1
successor(process1) = process1
predecessor(process1) = process2
Current File keys for process1 => []
==================================
2024-04-14 23:17:32 INFO  NodeServer:50 - process4 server is running... 
process1:9091
2024-04-14 23:17:32 INFO  ChordProtocols:69 - JoinRing-randomNode = process1
2024-04-14 23:17:32 INFO  ChordProtocols:159 - Fixing the FingerTable for the Node: process4
2024-04-14 23:17:32 INFO  ChordProtocols:190 - FingerTabele successfully updated for the node: process4
2024-04-14 23:17:32 INFO  ChordLookup:97 - copy file keys that are <= process4 from successor process1 to process4
2024-04-14 23:17:32 INFO  ChordLookup:114 - Finished copying file keys from successor process1 to process4
2024-04-14 23:17:32 INFO  ChordProtocols:87 - process4 is between null | process1
2024-04-14 23:17:33 INFO  StabilizationProtocols:130 - Updating the successor for Node: process1
2024-04-14 23:17:33 INFO  StabilizationProtocols:165 - Finished updating the successor for Node: process1
2024-04-14 23:17:33 INFO  StabilizationProtocols:84 - Stabilizing ring from process1...
2024-04-14 23:17:33 INFO  StabilizationProtocols:91 - Stabilize ring: succnode = process2
2024-04-14 23:17:33 INFO  StabilizationProtocols:113 - Finished stabilizing chordring from process1
2024-04-14 23:17:33 INFO  ChordProtocols:159 - Fixing the FingerTable for the Node: process1
2024-04-14 23:17:33 INFO  ChordProtocols:190 - FingerTabele successfully updated for the node: process1
2024-04-14 23:17:33 INFO  StabilizationProtocols:60 - Checking the predecessor for Node: process1
==================================
Node Identifier = 53937554629190552131995290006614509577
Node IP address = process1
successor(process1) = process2
predecessor(process1) = process2
Current File keys for process1 => []
==================================
2024-04-14 23:17:33 INFO  StabilizationProtocols:130 - Updating the successor for Node: process2
2024-04-14 23:17:33 INFO  StabilizationProtocols:84 - Stabilizing ring from process2...
2024-04-14 23:17:33 INFO  StabilizationProtocols:91 - Stabilize ring: succnode = process1
2024-04-14 23:17:33 INFO  StabilizationProtocols:113 - Finished stabilizing chordring from process2
2024-04-14 23:17:33 INFO  ChordProtocols:159 - Fixing the FingerTable for the Node: process2
2024-04-14 23:17:33 INFO  ChordProtocols:190 - FingerTabele successfully updated for the node: process2
2024-04-14 23:17:33 INFO  StabilizationProtocols:60 - Checking the predecessor for Node: process2
==================================
Node Identifier = 15618062003214643351512781541041391612
Node IP address = process2
successor(process2) = process1
predecessor(process2) = process2
Current File keys for process2 => []
==================================
2024-04-14 23:17:34 INFO  NodeServer:50 - process5 server is running... 
process1:9091
2024-04-14 23:17:34 INFO  ChordProtocols:69 - JoinRing-randomNode = process1
2024-04-14 23:17:34 INFO  ChordProtocols:159 - Fixing the FingerTable for the Node: process5
2024-04-14 23:17:34 INFO  ChordProtocols:190 - FingerTabele successfully updated for the node: process5
2024-04-14 23:17:34 INFO  ChordLookup:97 - copy file keys that are <= process5 from successor process2 to process5
2024-04-14 23:17:34 INFO  ChordLookup:114 - Finished copying file keys from successor process2 to process5
2024-04-14 23:17:34 INFO  ChordProtocols:87 - process5 is between null | process2
2024-04-14 23:17:35 INFO  StabilizationProtocols:130 - Updating the successor for Node: process1
2024-04-14 23:17:35 INFO  StabilizationProtocols:165 - Finished updating the successor for Node: process1
2024-04-14 23:17:35 INFO  StabilizationProtocols:84 - Stabilizing ring from process1...
2024-04-14 23:17:35 INFO  StabilizationProtocols:91 - Stabilize ring: succnode = process5
2024-04-14 23:17:35 INFO  StabilizationProtocols:113 - Finished stabilizing chordring from process1
2024-04-14 23:17:35 INFO  ChordProtocols:159 - Fixing the FingerTable for the Node: process1
2024-04-14 23:17:35 INFO  ChordProtocols:190 - FingerTabele successfully updated for the node: process1
2024-04-14 23:17:35 INFO  StabilizationProtocols:60 - Checking the predecessor for Node: process1
==================================
Node Identifier = 53937554629190552131995290006614509577
Node IP address = process1
successor(process1) = process5
predecessor(process1) = process2
Current File keys for process1 => []
==================================
2024-04-14 23:17:35 INFO  StabilizationProtocols:130 - Updating the successor for Node: process2
2024-04-14 23:17:35 INFO  StabilizationProtocols:84 - Stabilizing ring from process2...
2024-04-14 23:17:35 INFO  StabilizationProtocols:91 - Stabilize ring: succnode = process1
2024-04-14 23:17:35 INFO  StabilizationProtocols:113 - Finished stabilizing chordring from process2
2024-04-14 23:17:35 INFO  ChordProtocols:159 - Fixing the FingerTable for the Node: process2
2024-04-14 23:17:35 INFO  ChordProtocols:190 - FingerTabele successfully updated for the node: process2
2024-04-14 23:17:35 INFO  StabilizationProtocols:60 - Checking the predecessor for Node: process2
==================================
Node Identifier = 15618062003214643351512781541041391612
Node IP address = process2
successor(process2) = process1
predecessor(process2) = process5
Current File keys for process2 => []
==================================
2024-04-14 23:17:35 INFO  StabilizationProtocols:130 - Updating the successor for Node: process3
2024-04-14 23:17:35 INFO  StabilizationProtocols:165 - Finished updating the successor for Node: process3
2024-04-14 23:17:35 INFO  StabilizationProtocols:84 - Stabilizing ring from process3...
2024-04-14 23:17:35 INFO  StabilizationProtocols:91 - Stabilize ring: succnode = process2
2024-04-14 23:17:35 INFO  ChordLookup:97 - copy file keys that are <= process3 from successor process2 to process3
2024-04-14 23:17:35 INFO  ChordLookup:114 - Finished copying file keys from successor process2 to process3
2024-04-14 23:17:35 INFO  StabilizationProtocols:113 - Finished stabilizing chordring from process3
2024-04-14 23:17:35 INFO  ChordProtocols:159 - Fixing the FingerTable for the Node: process3
2024-04-14 23:17:35 INFO  ChordProtocols:190 - FingerTabele successfully updated for the node: process3
2024-04-14 23:17:35 INFO  StabilizationProtocols:60 - Checking the predecessor for Node: process3
==================================
Node Identifier = 66910184482037901621933403444034052414
Node IP address = process3
successor(process3) = process5
predecessor(process3) = process3
Current File keys for process3 => []
==================================
2024-04-14 23:17:37 INFO  StabilizationProtocols:130 - Updating the successor for Node: process1
2024-04-14 23:17:37 INFO  StabilizationProtocols:165 - Finished updating the successor for Node: process1
2024-04-14 23:17:37 INFO  StabilizationProtocols:84 - Stabilizing ring from process1...
2024-04-14 23:17:37 INFO  StabilizationProtocols:91 - Stabilize ring: succnode = process3
2024-04-14 23:17:37 INFO  StabilizationProtocols:113 - Finished stabilizing chordring from process1
2024-04-14 23:17:37 INFO  ChordProtocols:159 - Fixing the FingerTable for the Node: process1
2024-04-14 23:17:37 INFO  ChordProtocols:190 - FingerTabele successfully updated for the node: process1
2024-04-14 23:17:37 INFO  StabilizationProtocols:60 - Checking the predecessor for Node: process1
==================================
Node Identifier = 53937554629190552131995290006614509577
Node IP address = process1
successor(process1) = process3
predecessor(process1) = process2
Current File keys for process1 => []
==================================
2024-04-14 23:17:37 INFO  StabilizationProtocols:130 - Updating the successor for Node: process2
2024-04-14 23:17:37 INFO  StabilizationProtocols:84 - Stabilizing ring from process2...
2024-04-14 23:17:37 INFO  StabilizationProtocols:91 - Stabilize ring: succnode = process1
2024-04-14 23:17:37 INFO  StabilizationProtocols:113 - Finished stabilizing chordring from process2
2024-04-14 23:17:37 INFO  ChordProtocols:159 - Fixing the FingerTable for the Node: process2
2024-04-14 23:17:37 INFO  ChordProtocols:190 - FingerTabele successfully updated for the node: process2
2024-04-14 23:17:37 INFO  StabilizationProtocols:60 - Checking the predecessor for Node: process2
==================================
Node Identifier = 15618062003214643351512781541041391612
Node IP address = process2
successor(process2) = process1
predecessor(process2) = process5
Current File keys for process2 => []
==================================
2024-04-14 23:17:37 INFO  StabilizationProtocols:130 - Updating the successor for Node: process3
2024-04-14 23:17:37 INFO  StabilizationProtocols:84 - Stabilizing ring from process3...
2024-04-14 23:17:37 INFO  StabilizationProtocols:91 - Stabilize ring: succnode = process5
2024-04-14 23:17:37 INFO  StabilizationProtocols:113 - Finished stabilizing chordring from process3
2024-04-14 23:17:37 INFO  ChordProtocols:159 - Fixing the FingerTable for the Node: process3
2024-04-14 23:17:37 INFO  ChordProtocols:190 - FingerTabele successfully updated for the node: process3
2024-04-14 23:17:37 INFO  StabilizationProtocols:60 - Checking the predecessor for Node: process3
==================================
Node Identifier = 66910184482037901621933403444034052414
Node IP address = process3
successor(process3) = process5
predecessor(process3) = process3
Current File keys for process3 => []
==================================
2024-04-14 23:17:37 INFO  StabilizationProtocols:130 - Updating the successor for Node: process4
2024-04-14 23:17:37 INFO  StabilizationProtocols:165 - Finished updating the successor for Node: process4
2024-04-14 23:17:37 INFO  StabilizationProtocols:84 - Stabilizing ring from process4...
2024-04-14 23:17:37 INFO  StabilizationProtocols:91 - Stabilize ring: succnode = process2
2024-04-14 23:17:37 INFO  StabilizationProtocols:113 - Finished stabilizing chordring from process4
2024-04-14 23:17:37 INFO  ChordProtocols:159 - Fixing the FingerTable for the Node: process4
2024-04-14 23:17:37 INFO  ChordProtocols:190 - FingerTabele successfully updated for the node: process4
2024-04-14 23:17:37 INFO  StabilizationProtocols:60 - Checking the predecessor for Node: process4
==================================
Node Identifier = 210821560651360572675896360671414673172
Node IP address = process4
successor(process4) = process2
predecessor(process4) = process4
Current File keys for process4 => []
==================================
2024-04-14 23:17:39 INFO  StabilizationProtocols:130 - Updating the successor for Node: process1
2024-04-14 23:17:39 INFO  StabilizationProtocols:165 - Finished updating the successor for Node: process1
2024-04-14 23:17:39 INFO  StabilizationProtocols:84 - Stabilizing ring from process1...
2024-04-14 23:17:39 INFO  StabilizationProtocols:91 - Stabilize ring: succnode = process3
2024-04-14 23:17:39 INFO  StabilizationProtocols:113 - Finished stabilizing chordring from process1
2024-04-14 23:17:39 INFO  ChordProtocols:159 - Fixing the FingerTable for the Node: process1
2024-04-14 23:17:39 INFO  ChordProtocols:190 - FingerTabele successfully updated for the node: process1
2024-04-14 23:17:39 INFO  StabilizationProtocols:60 - Checking the predecessor for Node: process1
==================================
Node Identifier = 53937554629190552131995290006614509577
Node IP address = process1
successor(process1) = process3
predecessor(process1) = process2
Current File keys for process1 => []
==================================
2024-04-14 23:17:39 INFO  StabilizationProtocols:130 - Updating the successor for Node: process2
2024-04-14 23:17:39 INFO  StabilizationProtocols:84 - Stabilizing ring from process2...
2024-04-14 23:17:39 INFO  StabilizationProtocols:91 - Stabilize ring: succnode = process1
2024-04-14 23:17:39 INFO  StabilizationProtocols:113 - Finished stabilizing chordring from process2
2024-04-14 23:17:39 INFO  ChordProtocols:159 - Fixing the FingerTable for the Node: process2
2024-04-14 23:17:39 INFO  ChordProtocols:190 - FingerTabele successfully updated for the node: process2
2024-04-14 23:17:39 INFO  StabilizationProtocols:60 - Checking the predecessor for Node: process2
==================================
Node Identifier = 15618062003214643351512781541041391612
Node IP address = process2
successor(process2) = process1
predecessor(process2) = process5
Current File keys for process2 => []
==================================
2024-04-14 23:17:39 INFO  StabilizationProtocols:130 - Updating the successor for Node: process3
2024-04-14 23:17:39 INFO  StabilizationProtocols:84 - Stabilizing ring from process3...
2024-04-14 23:17:39 INFO  StabilizationProtocols:91 - Stabilize ring: succnode = process5
2024-04-14 23:17:39 INFO  StabilizationProtocols:113 - Finished stabilizing chordring from process3
2024-04-14 23:17:39 INFO  ChordProtocols:159 - Fixing the FingerTable for the Node: process3
2024-04-14 23:17:39 INFO  ChordProtocols:190 - FingerTabele successfully updated for the node: process3
2024-04-14 23:17:39 INFO  StabilizationProtocols:60 - Checking the predecessor for Node: process3
==================================
Node Identifier = 66910184482037901621933403444034052414
Node IP address = process3
successor(process3) = process5
predecessor(process3) = process1
Current File keys for process3 => []
==================================
2024-04-14 23:17:39 INFO  StabilizationProtocols:130 - Updating the successor for Node: process4
2024-04-14 23:17:39 INFO  StabilizationProtocols:165 - Finished updating the successor for Node: process4
2024-04-14 23:17:39 INFO  StabilizationProtocols:84 - Stabilizing ring from process4...
2024-04-14 23:17:39 INFO  StabilizationProtocols:91 - Stabilize ring: succnode = process5
2024-04-14 23:17:39 INFO  ChordLookup:97 - copy file keys that are <= process4 from successor process5 to process4
2024-04-14 23:17:39 INFO  ChordLookup:114 - Finished copying file keys from successor process5 to process4
2024-04-14 23:17:39 INFO  StabilizationProtocols:113 - Finished stabilizing chordring from process4
2024-04-14 23:17:39 INFO  ChordProtocols:159 - Fixing the FingerTable for the Node: process4
2024-04-14 23:17:39 INFO  ChordProtocols:190 - FingerTabele successfully updated for the node: process4
2024-04-14 23:17:39 INFO  StabilizationProtocols:60 - Checking the predecessor for Node: process4
==================================
Node Identifier = 210821560651360572675896360671414673172
Node IP address = process4
successor(process4) = process3
predecessor(process4) = process4
Current File keys for process4 => []
==================================
2024-04-14 23:17:39 INFO  StabilizationProtocols:130 - Updating the successor for Node: process5
2024-04-14 23:17:39 INFO  StabilizationProtocols:84 - Stabilizing ring from process5...
2024-04-14 23:17:39 INFO  StabilizationProtocols:91 - Stabilize ring: succnode = process2
2024-04-14 23:17:39 INFO  StabilizationProtocols:113 - Finished stabilizing chordring from process5
2024-04-14 23:17:39 INFO  ChordProtocols:159 - Fixing the FingerTable for the Node: process5
2024-04-14 23:17:39 INFO  ChordProtocols:190 - FingerTabele successfully updated for the node: process5
2024-04-14 23:17:39 INFO  StabilizationProtocols:60 - Checking the predecessor for Node: process5
==================================
Node Identifier = 121411138451101288395601026024677976156
Node IP address = process5
successor(process5) = process2
predecessor(process5) = process3
Current File keys for process5 => []
==================================
2024-04-14 23:17:41 INFO  StabilizationProtocols:130 - Updating the successor for Node: process1
2024-04-14 23:17:41 INFO  StabilizationProtocols:84 - Stabilizing ring from process1...
2024-04-14 23:17:41 INFO  StabilizationProtocols:91 - Stabilize ring: succnode = process3
2024-04-14 23:17:41 INFO  StabilizationProtocols:113 - Finished stabilizing chordring from process1
2024-04-14 23:17:41 INFO  ChordProtocols:159 - Fixing the FingerTable for the Node: process1
2024-04-14 23:17:41 INFO  ChordProtocols:190 - FingerTabele successfully updated for the node: process1
2024-04-14 23:17:41 INFO  StabilizationProtocols:60 - Checking the predecessor for Node: process1
==================================
Node Identifier = 53937554629190552131995290006614509577
Node IP address = process1
successor(process1) = process3
predecessor(process1) = process2
Current File keys for process1 => []
==================================
2024-04-14 23:17:41 INFO  StabilizationProtocols:130 - Updating the successor for Node: process2
2024-04-14 23:17:41 INFO  StabilizationProtocols:84 - Stabilizing ring from process2...
2024-04-14 23:17:41 INFO  StabilizationProtocols:91 - Stabilize ring: succnode = process1
2024-04-14 23:17:41 INFO  StabilizationProtocols:113 - Finished stabilizing chordring from process2
2024-04-14 23:17:41 INFO  ChordProtocols:159 - Fixing the FingerTable for the Node: process2
2024-04-14 23:17:41 INFO  ChordProtocols:190 - FingerTabele successfully updated for the node: process2
2024-04-14 23:17:41 INFO  StabilizationProtocols:60 - Checking the predecessor for Node: process2
==================================
Node Identifier = 15618062003214643351512781541041391612
Node IP address = process2
successor(process2) = process1
predecessor(process2) = process5
Current File keys for process2 => []
==================================
2024-04-14 23:17:41 INFO  StabilizationProtocols:130 - Updating the successor for Node: process3
2024-04-14 23:17:41 INFO  StabilizationProtocols:84 - Stabilizing ring from process3...
2024-04-14 23:17:41 INFO  StabilizationProtocols:91 - Stabilize ring: succnode = process5
2024-04-14 23:17:41 INFO  StabilizationProtocols:113 - Finished stabilizing chordring from process3
2024-04-14 23:17:41 INFO  ChordProtocols:159 - Fixing the FingerTable for the Node: process3
2024-04-14 23:17:41 INFO  ChordProtocols:190 - FingerTabele successfully updated for the node: process3
2024-04-14 23:17:41 INFO  StabilizationProtocols:60 - Checking the predecessor for Node: process3
==================================
Node Identifier = 66910184482037901621933403444034052414
Node IP address = process3
successor(process3) = process5
predecessor(process3) = process1
Current File keys for process3 => []
==================================
2024-04-14 23:17:41 INFO  StabilizationProtocols:130 - Updating the successor for Node: process4
2024-04-14 23:17:41 INFO  StabilizationProtocols:165 - Finished updating the successor for Node: process4
2024-04-14 23:17:41 INFO  StabilizationProtocols:84 - Stabilizing ring from process4...
2024-04-14 23:17:41 INFO  StabilizationProtocols:91 - Stabilize ring: succnode = process1
2024-04-14 23:17:41 INFO  ChordLookup:97 - copy file keys that are <= process4 from successor process1 to process4
2024-04-14 23:17:41 INFO  ChordLookup:114 - Finished copying file keys from successor process1 to process4
2024-04-14 23:17:41 INFO  StabilizationProtocols:113 - Finished stabilizing chordring from process4
2024-04-14 23:17:41 INFO  ChordProtocols:159 - Fixing the FingerTable for the Node: process4
2024-04-14 23:17:41 INFO  ChordProtocols:190 - FingerTabele successfully updated for the node: process4
2024-04-14 23:17:41 INFO  StabilizationProtocols:60 - Checking the predecessor for Node: process4
==================================
Node Identifier = 210821560651360572675896360671414673172
Node IP address = process4
successor(process4) = process2
predecessor(process4) = process4
Current File keys for process4 => []
==================================
2024-04-14 23:17:41 INFO  StabilizationProtocols:130 - Updating the successor for Node: process5
2024-04-14 23:17:41 INFO  StabilizationProtocols:165 - Finished updating the successor for Node: process5
2024-04-14 23:17:41 INFO  StabilizationProtocols:84 - Stabilizing ring from process5...
2024-04-14 23:17:41 INFO  StabilizationProtocols:91 - Stabilize ring: succnode = process4
2024-04-14 23:17:41 INFO  StabilizationProtocols:113 - Finished stabilizing chordring from process5
2024-04-14 23:17:41 INFO  ChordProtocols:159 - Fixing the FingerTable for the Node: process5
2024-04-14 23:17:41 INFO  ChordProtocols:190 - FingerTabele successfully updated for the node: process5
2024-04-14 23:17:41 INFO  StabilizationProtocols:60 - Checking the predecessor for Node: process5
==================================
Node Identifier = 121411138451101288395601026024677976156
Node IP address = process5
successor(process5) = process4
predecessor(process5) = process3
Current File keys for process5 => []
==================================
2024-04-14 23:17:43 INFO  StabilizationProtocols:130 - Updating the successor for Node: process1
2024-04-14 23:17:43 INFO  StabilizationProtocols:84 - Stabilizing ring from process1...
2024-04-14 23:17:43 INFO  StabilizationProtocols:91 - Stabilize ring: succnode = process3
2024-04-14 23:17:43 INFO  StabilizationProtocols:113 - Finished stabilizing chordring from process1
2024-04-14 23:17:43 INFO  ChordProtocols:159 - Fixing the FingerTable for the Node: process1
2024-04-14 23:17:43 INFO  ChordProtocols:190 - FingerTabele successfully updated for the node: process1
2024-04-14 23:17:43 INFO  StabilizationProtocols:60 - Checking the predecessor for Node: process1
==================================
Node Identifier = 53937554629190552131995290006614509577
Node IP address = process1
successor(process1) = process3
predecessor(process1) = process2
Current File keys for process1 => []
==================================
2024-04-14 23:17:43 INFO  StabilizationProtocols:130 - Updating the successor for Node: process2
2024-04-14 23:17:43 INFO  StabilizationProtocols:84 - Stabilizing ring from process2...
2024-04-14 23:17:43 INFO  StabilizationProtocols:91 - Stabilize ring: succnode = process1
2024-04-14 23:17:43 INFO  StabilizationProtocols:113 - Finished stabilizing chordring from process2
2024-04-14 23:17:43 INFO  ChordProtocols:159 - Fixing the FingerTable for the Node: process2
2024-04-14 23:17:43 INFO  ChordProtocols:190 - FingerTabele successfully updated for the node: process2
2024-04-14 23:17:43 INFO  StabilizationProtocols:60 - Checking the predecessor for Node: process2
==================================
Node Identifier = 15618062003214643351512781541041391612
Node IP address = process2
successor(process2) = process1
predecessor(process2) = process4
Current File keys for process2 => []
==================================
2024-04-14 23:17:43 INFO  StabilizationProtocols:130 - Updating the successor for Node: process3
2024-04-14 23:17:43 INFO  StabilizationProtocols:84 - Stabilizing ring from process3...
2024-04-14 23:17:43 INFO  StabilizationProtocols:91 - Stabilize ring: succnode = process5
2024-04-14 23:17:43 INFO  StabilizationProtocols:113 - Finished stabilizing chordring from process3
2024-04-14 23:17:43 INFO  ChordProtocols:159 - Fixing the FingerTable for the Node: process3
2024-04-14 23:17:43 INFO  ChordProtocols:190 - FingerTabele successfully updated for the node: process3
2024-04-14 23:17:43 INFO  StabilizationProtocols:60 - Checking the predecessor for Node: process3
==================================
Node Identifier = 66910184482037901621933403444034052414
Node IP address = process3
successor(process3) = process5
predecessor(process3) = process1
Current File keys for process3 => []
==================================
2024-04-14 23:17:43 INFO  StabilizationProtocols:130 - Updating the successor for Node: process4
2024-04-14 23:17:43 INFO  StabilizationProtocols:84 - Stabilizing ring from process4...
2024-04-14 23:17:43 INFO  StabilizationProtocols:91 - Stabilize ring: succnode = process2
2024-04-14 23:17:43 INFO  StabilizationProtocols:113 - Finished stabilizing chordring from process4
2024-04-14 23:17:43 INFO  ChordProtocols:159 - Fixing the FingerTable for the Node: process4
2024-04-14 23:17:43 INFO  ChordProtocols:190 - FingerTabele successfully updated for the node: process4
2024-04-14 23:17:43 INFO  StabilizationProtocols:60 - Checking the predecessor for Node: process4
==================================
Node Identifier = 210821560651360572675896360671414673172
Node IP address = process4
successor(process4) = process2
predecessor(process4) = process4
Current File keys for process4 => []
==================================
2024-04-14 23:17:43 INFO  StabilizationProtocols:130 - Updating the successor for Node: process5
2024-04-14 23:17:43 INFO  StabilizationProtocols:165 - Finished updating the successor for Node: process5
2024-04-14 23:17:43 INFO  StabilizationProtocols:84 - Stabilizing ring from process5...
2024-04-14 23:17:43 INFO  StabilizationProtocols:91 - Stabilize ring: succnode = process4
2024-04-14 23:17:43 INFO  StabilizationProtocols:113 - Finished stabilizing chordring from process5
2024-04-14 23:17:43 INFO  ChordProtocols:159 - Fixing the FingerTable for the Node: process5
2024-04-14 23:17:43 INFO  ChordProtocols:190 - FingerTabele successfully updated for the node: process5
2024-04-14 23:17:43 INFO  StabilizationProtocols:60 - Checking the predecessor for Node: process5
==================================
Node Identifier = 121411138451101288395601026024677976156
Node IP address = process5
successor(process5) = process4
predecessor(process5) = process3
Current File keys for process5 => []
==================================
2024-04-14 23:17:45 INFO  StabilizationProtocols:130 - Updating the successor for Node: process1
2024-04-14 23:17:45 INFO  StabilizationProtocols:84 - Stabilizing ring from process1...
2024-04-14 23:17:45 INFO  StabilizationProtocols:91 - Stabilize ring: succnode = process3
2024-04-14 23:17:45 INFO  StabilizationProtocols:113 - Finished stabilizing chordring from process1
2024-04-14 23:17:45 INFO  ChordProtocols:159 - Fixing the FingerTable for the Node: process1
2024-04-14 23:17:45 INFO  ChordProtocols:190 - FingerTabele successfully updated for the node: process1
2024-04-14 23:17:45 INFO  StabilizationProtocols:60 - Checking the predecessor for Node: process1
==================================
Node Identifier = 53937554629190552131995290006614509577
Node IP address = process1
successor(process1) = process3
predecessor(process1) = process2
Current File keys for process1 => []
==================================
2024-04-14 23:17:45 INFO  StabilizationProtocols:130 - Updating the successor for Node: process2
2024-04-14 23:17:45 INFO  StabilizationProtocols:84 - Stabilizing ring from process2...
2024-04-14 23:17:45 INFO  StabilizationProtocols:91 - Stabilize ring: succnode = process1
2024-04-14 23:17:45 INFO  StabilizationProtocols:113 - Finished stabilizing chordring from process2
2024-04-14 23:17:45 INFO  ChordProtocols:159 - Fixing the FingerTable for the Node: process2
2024-04-14 23:17:45 INFO  ChordProtocols:190 - FingerTabele successfully updated for the node: process2
2024-04-14 23:17:45 INFO  StabilizationProtocols:60 - Checking the predecessor for Node: process2
==================================
Node Identifier = 15618062003214643351512781541041391612
Node IP address = process2
successor(process2) = process1
predecessor(process2) = process4
Current File keys for process2 => []
==================================
2024-04-14 23:17:45 INFO  StabilizationProtocols:130 - Updating the successor for Node: process3
2024-04-14 23:17:45 INFO  StabilizationProtocols:84 - Stabilizing ring from process3...
2024-04-14 23:17:45 INFO  StabilizationProtocols:91 - Stabilize ring: succnode = process5
2024-04-14 23:17:45 INFO  StabilizationProtocols:113 - Finished stabilizing chordring from process3
2024-04-14 23:17:45 INFO  ChordProtocols:159 - Fixing the FingerTable for the Node: process3
2024-04-14 23:17:45 INFO  ChordProtocols:190 - FingerTabele successfully updated for the node: process3
2024-04-14 23:17:45 INFO  StabilizationProtocols:60 - Checking the predecessor for Node: process3
==================================
Node Identifier = 66910184482037901621933403444034052414
Node IP address = process3
successor(process3) = process5
predecessor(process3) = process1
Current File keys for process3 => []
==================================
2024-04-14 23:17:45 INFO  StabilizationProtocols:130 - Updating the successor for Node: process4
2024-04-14 23:17:45 INFO  StabilizationProtocols:84 - Stabilizing ring from process4...
2024-04-14 23:17:45 INFO  StabilizationProtocols:91 - Stabilize ring: succnode = process2
2024-04-14 23:17:45 INFO  StabilizationProtocols:113 - Finished stabilizing chordring from process4
2024-04-14 23:17:45 INFO  ChordProtocols:159 - Fixing the FingerTable for the Node: process4
2024-04-14 23:17:45 INFO  ChordProtocols:190 - FingerTabele successfully updated for the node: process4
2024-04-14 23:17:45 INFO  StabilizationProtocols:60 - Checking the predecessor for Node: process4
==================================
Node Identifier = 210821560651360572675896360671414673172
Node IP address = process4
successor(process4) = process2
predecessor(process4) = process5
Current File keys for process4 => []
==================================
2024-04-14 23:17:45 INFO  StabilizationProtocols:130 - Updating the successor for Node: process5
2024-04-14 23:17:45 INFO  StabilizationProtocols:84 - Stabilizing ring from process5...
2024-04-14 23:17:45 INFO  StabilizationProtocols:91 - Stabilize ring: succnode = process4
2024-04-14 23:17:45 INFO  StabilizationProtocols:113 - Finished stabilizing chordring from process5
2024-04-14 23:17:45 INFO  ChordProtocols:159 - Fixing the FingerTable for the Node: process5
2024-04-14 23:17:45 INFO  ChordProtocols:190 - FingerTabele successfully updated for the node: process5
2024-04-14 23:17:45 INFO  StabilizationProtocols:60 - Checking the predecessor for Node: process5
==================================
Node Identifier = 121411138451101288395601026024677976156
Node IP address = process5
successor(process5) = process4
predecessor(process5) = process3
Current File keys for process5 => []
==================================
2024-04-14 23:17:46 INFO  FileManager:220 - filename=file1 size=0,121
2024-04-14 23:17:46 INFO  FileManager:107 - Replicas distributed to active peers
2024-04-14 23:17:46 INFO  FileManager:220 - filename=file2 size=0,113
2024-04-14 23:17:46 INFO  FileManager:107 - Replicas distributed to active peers
2024-04-14 23:17:46 INFO  FileManager:220 - filename=file3 size=0,113
2024-04-14 23:17:46 INFO  FileManager:107 - Replicas distributed to active peers
2024-04-14 23:17:46 INFO  FileManager:220 - filename=file4 size=0,114
2024-04-14 23:17:46 INFO  FileManager:107 - Replicas distributed to active peers
2024-04-14 23:17:46 INFO  FileManager:220 - filename=file5 size=0,114
2024-04-14 23:17:46 INFO  FileManager:107 - Replicas distributed to active peers
2024-04-14 23:17:47 INFO  StabilizationProtocols:130 - Updating the successor for Node: process1
2024-04-14 23:17:47 INFO  StabilizationProtocols:84 - Stabilizing ring from process1...
2024-04-14 23:17:47 INFO  StabilizationProtocols:91 - Stabilize ring: succnode = process3
2024-04-14 23:17:47 INFO  StabilizationProtocols:113 - Finished stabilizing chordring from process1
2024-04-14 23:17:47 INFO  ChordProtocols:159 - Fixing the FingerTable for the Node: process1
2024-04-14 23:17:47 INFO  ChordProtocols:190 - FingerTabele successfully updated for the node: process1
2024-04-14 23:17:47 INFO  StabilizationProtocols:60 - Checking the predecessor for Node: process1
==================================
Node Identifier = 53937554629190552131995290006614509577
Node IP address = process1
successor(process1) = process3
predecessor(process1) = process2
Current File keys for process1 => [29249986233499374510233936914584139597, 22851974182570490653634187770374799407]
==================================
2024-04-14 23:17:47 INFO  StabilizationProtocols:130 - Updating the successor for Node: process2
2024-04-14 23:17:47 INFO  StabilizationProtocols:84 - Stabilizing ring from process2...
2024-04-14 23:17:47 INFO  StabilizationProtocols:91 - Stabilize ring: succnode = process1
2024-04-14 23:17:47 INFO  StabilizationProtocols:113 - Finished stabilizing chordring from process2
2024-04-14 23:17:47 INFO  ChordProtocols:159 - Fixing the FingerTable for the Node: process2
2024-04-14 23:17:47 INFO  ChordProtocols:190 - FingerTabele successfully updated for the node: process2
2024-04-14 23:17:47 INFO  StabilizationProtocols:60 - Checking the predecessor for Node: process2
==================================
Node Identifier = 15618062003214643351512781541041391612
Node IP address = process2
successor(process2) = process1
predecessor(process2) = process4
Current File keys for process2 => [13988058880685873568223126745537177142, 263856675938514540210526796966916740559, 240788495190661943955842370400050808545, 305513342937436802305366564249075562188, 8256520967608282605234844990226290265, 239639416547729385993578111985362970770, 214974501590503159329658682485012382526]
==================================
2024-04-14 23:17:47 INFO  StabilizationProtocols:130 - Updating the successor for Node: process3
2024-04-14 23:17:47 INFO  StabilizationProtocols:84 - Stabilizing ring from process3...
2024-04-14 23:17:47 INFO  StabilizationProtocols:91 - Stabilize ring: succnode = process5
2024-04-14 23:17:47 INFO  StabilizationProtocols:113 - Finished stabilizing chordring from process3
2024-04-14 23:17:47 INFO  ChordProtocols:159 - Fixing the FingerTable for the Node: process3
2024-04-14 23:17:47 INFO  ChordProtocols:190 - FingerTabele successfully updated for the node: process3
2024-04-14 23:17:47 INFO  StabilizationProtocols:60 - Checking the predecessor for Node: process3
==================================
Node Identifier = 66910184482037901621933403444034052414
Node IP address = process3
successor(process3) = process5
predecessor(process3) = process1
Current File keys for process3 => [66481538825926898419352978747807121875]
==================================
2024-04-14 23:17:47 INFO  StabilizationProtocols:130 - Updating the successor for Node: process4
2024-04-14 23:17:47 INFO  StabilizationProtocols:84 - Stabilizing ring from process4...
2024-04-14 23:17:47 INFO  StabilizationProtocols:91 - Stabilize ring: succnode = process2
2024-04-14 23:17:47 INFO  StabilizationProtocols:113 - Finished stabilizing chordring from process4
2024-04-14 23:17:47 INFO  ChordProtocols:159 - Fixing the FingerTable for the Node: process4
2024-04-14 23:17:47 INFO  ChordProtocols:190 - FingerTabele successfully updated for the node: process4
2024-04-14 23:17:47 INFO  StabilizationProtocols:60 - Checking the predecessor for Node: process4
==================================
Node Identifier = 210821560651360572675896360671414673172
Node IP address = process4
successor(process4) = process2
predecessor(process4) = process5
Current File keys for process4 => [179241403734895214076219526399432130488, 140065589670395970233963560630295105848, 127615430233524719490345743798572761786, 191558309544647931649133602766041063646, 136541484142652779330200457892076216958, 149037318589456997023767356092491379363]
==================================
2024-04-14 23:17:47 INFO  StabilizationProtocols:130 - Updating the successor for Node: process5
2024-04-14 23:17:47 INFO  StabilizationProtocols:84 - Stabilizing ring from process5...
2024-04-14 23:17:47 INFO  StabilizationProtocols:91 - Stabilize ring: succnode = process4
2024-04-14 23:17:47 INFO  StabilizationProtocols:113 - Finished stabilizing chordring from process5
2024-04-14 23:17:47 INFO  ChordProtocols:159 - Fixing the FingerTable for the Node: process5
2024-04-14 23:17:47 INFO  ChordProtocols:190 - FingerTabele successfully updated for the node: process5
2024-04-14 23:17:47 INFO  StabilizationProtocols:60 - Checking the predecessor for Node: process5
==================================
Node Identifier = 121411138451101288395601026024677976156
Node IP address = process5
successor(process5) = process4
predecessor(process5) = process3
Current File keys for process5 => [83550242532527638904138483233262313637, 73806995735690189889297542544385123161, 83789482216496502817864659214345176161, 93727835460693461258854490021087346760]
==================================
2024-04-14 23:17:49 INFO  StabilizationProtocols:130 - Updating the successor for Node: process1
2024-04-14 23:17:49 INFO  StabilizationProtocols:84 - Stabilizing ring from process1...
2024-04-14 23:17:49 INFO  StabilizationProtocols:91 - Stabilize ring: succnode = process3
2024-04-14 23:17:49 INFO  StabilizationProtocols:113 - Finished stabilizing chordring from process1
2024-04-14 23:17:49 INFO  ChordProtocols:159 - Fixing the FingerTable for the Node: process1
2024-04-14 23:17:49 INFO  ChordProtocols:190 - FingerTabele successfully updated for the node: process1
2024-04-14 23:17:49 INFO  StabilizationProtocols:60 - Checking the predecessor for Node: process1
==================================
Node Identifier = 53937554629190552131995290006614509577
Node IP address = process1
successor(process1) = process3
predecessor(process1) = process2
Current File keys for process1 => [29249986233499374510233936914584139597, 22851974182570490653634187770374799407]
==================================
2024-04-14 23:17:49 INFO  StabilizationProtocols:130 - Updating the successor for Node: process2
2024-04-14 23:17:49 INFO  StabilizationProtocols:84 - Stabilizing ring from process2...
2024-04-14 23:17:49 INFO  StabilizationProtocols:91 - Stabilize ring: succnode = process1
2024-04-14 23:17:49 INFO  StabilizationProtocols:113 - Finished stabilizing chordring from process2
2024-04-14 23:17:49 INFO  ChordProtocols:159 - Fixing the FingerTable for the Node: process2
2024-04-14 23:17:49 INFO  ChordProtocols:190 - FingerTabele successfully updated for the node: process2
2024-04-14 23:17:49 INFO  StabilizationProtocols:60 - Checking the predecessor for Node: process2
==================================
Node Identifier = 15618062003214643351512781541041391612
Node IP address = process2
successor(process2) = process1
predecessor(process2) = process4
Current File keys for process2 => [13988058880685873568223126745537177142, 263856675938514540210526796966916740559, 240788495190661943955842370400050808545, 305513342937436802305366564249075562188, 8256520967608282605234844990226290265, 239639416547729385993578111985362970770, 214974501590503159329658682485012382526]
==================================
2024-04-14 23:17:49 INFO  StabilizationProtocols:130 - Updating the successor for Node: process3
2024-04-14 23:17:49 INFO  StabilizationProtocols:84 - Stabilizing ring from process3...
2024-04-14 23:17:49 INFO  StabilizationProtocols:91 - Stabilize ring: succnode = process5
2024-04-14 23:17:49 INFO  StabilizationProtocols:113 - Finished stabilizing chordring from process3
2024-04-14 23:17:49 INFO  ChordProtocols:159 - Fixing the FingerTable for the Node: process3
2024-04-14 23:17:49 INFO  ChordProtocols:190 - FingerTabele successfully updated for the node: process3
2024-04-14 23:17:49 INFO  StabilizationProtocols:60 - Checking the predecessor for Node: process3
==================================
Node Identifier = 66910184482037901621933403444034052414
Node IP address = process3
successor(process3) = process5
predecessor(process3) = process1
Current File keys for process3 => [66481538825926898419352978747807121875]
==================================
2024-04-14 23:17:49 INFO  StabilizationProtocols:130 - Updating the successor for Node: process4
2024-04-14 23:17:49 INFO  StabilizationProtocols:84 - Stabilizing ring from process4...
2024-04-14 23:17:49 INFO  StabilizationProtocols:91 - Stabilize ring: succnode = process2
2024-04-14 23:17:49 INFO  StabilizationProtocols:113 - Finished stabilizing chordring from process4
2024-04-14 23:17:49 INFO  ChordProtocols:159 - Fixing the FingerTable for the Node: process4
2024-04-14 23:17:49 INFO  ChordProtocols:190 - FingerTabele successfully updated for the node: process4
2024-04-14 23:17:49 INFO  StabilizationProtocols:60 - Checking the predecessor for Node: process4
==================================
Node Identifier = 210821560651360572675896360671414673172
Node IP address = process4
successor(process4) = process2
predecessor(process4) = process5
Current File keys for process4 => [179241403734895214076219526399432130488, 140065589670395970233963560630295105848, 127615430233524719490345743798572761786, 191558309544647931649133602766041063646, 136541484142652779330200457892076216958, 149037318589456997023767356092491379363]
==================================
2024-04-14 23:17:49 INFO  StabilizationProtocols:130 - Updating the successor for Node: process5
2024-04-14 23:17:49 INFO  StabilizationProtocols:84 - Stabilizing ring from process5...
2024-04-14 23:17:49 INFO  StabilizationProtocols:91 - Stabilize ring: succnode = process4
2024-04-14 23:17:49 INFO  StabilizationProtocols:113 - Finished stabilizing chordring from process5
2024-04-14 23:17:49 INFO  ChordProtocols:159 - Fixing the FingerTable for the Node: process5
2024-04-14 23:17:49 INFO  ChordProtocols:190 - FingerTabele successfully updated for the node: process5
2024-04-14 23:17:49 INFO  StabilizationProtocols:60 - Checking the predecessor for Node: process5
==================================
Node Identifier = 121411138451101288395601026024677976156
Node IP address = process5
successor(process5) = process4
predecessor(process5) = process3
Current File keys for process5 => [83550242532527638904138483233262313637, 73806995735690189889297542544385123161, 83789482216496502817864659214345176161, 93727835460693461258854490021087346760]
==================================
2024-04-14 23:17:51 INFO  StabilizationProtocols:130 - Updating the successor for Node: process1
2024-04-14 23:17:51 INFO  StabilizationProtocols:84 - Stabilizing ring from process1...
2024-04-14 23:17:51 INFO  StabilizationProtocols:91 - Stabilize ring: succnode = process3
2024-04-14 23:17:51 INFO  StabilizationProtocols:113 - Finished stabilizing chordring from process1
2024-04-14 23:17:51 INFO  ChordProtocols:159 - Fixing the FingerTable for the Node: process1
2024-04-14 23:17:51 INFO  ChordProtocols:190 - FingerTabele successfully updated for the node: process1
2024-04-14 23:17:51 INFO  StabilizationProtocols:60 - Checking the predecessor for Node: process1
==================================
Node Identifier = 53937554629190552131995290006614509577
Node IP address = process1
successor(process1) = process3
predecessor(process1) = process2
Current File keys for process1 => [29249986233499374510233936914584139597, 22851974182570490653634187770374799407]
==================================
2024-04-14 23:17:51 INFO  StabilizationProtocols:130 - Updating the successor for Node: process2
2024-04-14 23:17:51 INFO  StabilizationProtocols:84 - Stabilizing ring from process2...
2024-04-14 23:17:51 INFO  StabilizationProtocols:91 - Stabilize ring: succnode = process1
2024-04-14 23:17:51 INFO  StabilizationProtocols:113 - Finished stabilizing chordring from process2
2024-04-14 23:17:51 INFO  ChordProtocols:159 - Fixing the FingerTable for the Node: process2
2024-04-14 23:17:51 INFO  ChordProtocols:190 - FingerTabele successfully updated for the node: process2
2024-04-14 23:17:51 INFO  StabilizationProtocols:60 - Checking the predecessor for Node: process2
==================================
Node Identifier = 15618062003214643351512781541041391612
Node IP address = process2
successor(process2) = process1
predecessor(process2) = process4
Current File keys for process2 => [13988058880685873568223126745537177142, 263856675938514540210526796966916740559, 240788495190661943955842370400050808545, 305513342937436802305366564249075562188, 8256520967608282605234844990226290265, 239639416547729385993578111985362970770, 214974501590503159329658682485012382526]
==================================
2024-04-14 23:17:51 INFO  StabilizationProtocols:130 - Updating the successor for Node: process3
2024-04-14 23:17:51 INFO  StabilizationProtocols:84 - Stabilizing ring from process3...
2024-04-14 23:17:51 INFO  StabilizationProtocols:91 - Stabilize ring: succnode = process5
2024-04-14 23:17:51 INFO  StabilizationProtocols:113 - Finished stabilizing chordring from process3
2024-04-14 23:17:51 INFO  ChordProtocols:159 - Fixing the FingerTable for the Node: process3
2024-04-14 23:17:51 INFO  ChordProtocols:190 - FingerTabele successfully updated for the node: process3
2024-04-14 23:17:51 INFO  StabilizationProtocols:60 - Checking the predecessor for Node: process3
==================================
Node Identifier = 66910184482037901621933403444034052414
Node IP address = process3
successor(process3) = process5
predecessor(process3) = process1
Current File keys for process3 => [66481538825926898419352978747807121875]
==================================
2024-04-14 23:17:51 INFO  StabilizationProtocols:130 - Updating the successor for Node: process4
2024-04-14 23:17:51 INFO  StabilizationProtocols:84 - Stabilizing ring from process4...
2024-04-14 23:17:51 INFO  StabilizationProtocols:91 - Stabilize ring: succnode = process2
2024-04-14 23:17:51 INFO  StabilizationProtocols:113 - Finished stabilizing chordring from process4
2024-04-14 23:17:51 INFO  ChordProtocols:159 - Fixing the FingerTable for the Node: process4
2024-04-14 23:17:51 INFO  ChordProtocols:190 - FingerTabele successfully updated for the node: process4
2024-04-14 23:17:51 INFO  StabilizationProtocols:60 - Checking the predecessor for Node: process4
==================================
Node Identifier = 210821560651360572675896360671414673172
Node IP address = process4
successor(process4) = process2
predecessor(process4) = process5
Current File keys for process4 => [179241403734895214076219526399432130488, 140065589670395970233963560630295105848, 127615430233524719490345743798572761786, 191558309544647931649133602766041063646, 136541484142652779330200457892076216958, 149037318589456997023767356092491379363]
==================================
2024-04-14 23:17:51 INFO  StabilizationProtocols:130 - Updating the successor for Node: process5
2024-04-14 23:17:51 INFO  StabilizationProtocols:84 - Stabilizing ring from process5...
2024-04-14 23:17:51 INFO  StabilizationProtocols:91 - Stabilize ring: succnode = process4
2024-04-14 23:17:51 INFO  StabilizationProtocols:113 - Finished stabilizing chordring from process5
2024-04-14 23:17:51 INFO  ChordProtocols:159 - Fixing the FingerTable for the Node: process5
2024-04-14 23:17:51 INFO  ChordProtocols:190 - FingerTabele successfully updated for the node: process5
2024-04-14 23:17:51 INFO  StabilizationProtocols:60 - Checking the predecessor for Node: process5
==================================
Node Identifier = 121411138451101288395601026024677976156
Node IP address = process5
successor(process5) = process4
predecessor(process5) = process3
Current File keys for process5 => [83550242532527638904138483233262313637, 73806995735690189889297542544385123161, 83789482216496502817864659214345176161, 93727835460693461258854490021087346760]
==================================
2024-04-14 23:17:51 INFO  MutualExclusion:217 - Releasing locks from = 4
2024-04-14 23:17:51 INFO  MutualExclusion:54 - process2 wants to access CS
2024-04-14 23:17:51 INFO  MutualExclusion:54 - process4 wants to access CS
2024-04-14 23:17:51 INFO  MutualExclusion:54 - process5 wants to access CS
2024-04-14 23:17:51 INFO  MutualExclusion:54 - process1 wants to access CS
2024-04-14 23:17:51 INFO  MutualExclusion:102 - Number of peers to vote = 4
2024-04-14 23:17:51 INFO  MutualExclusion:102 - Number of peers to vote = 4
2024-04-14 23:17:51 INFO  MutualExclusion:102 - Number of peers to vote = 4
2024-04-14 23:17:51 INFO  MutualExclusion:102 - Number of peers to vote = 4
2024-04-14 23:17:51 INFO  MutualExclusion:231 - process4: size of queueack = 2
2024-04-14 23:17:51 INFO  MutualExclusion:232 - process4: numvoters = 4
2024-04-14 23:17:51 WARN  MutualExclusion:240 - Expected acknowledgments not yet received, current size: 2
2024-04-14 23:17:51 INFO  MutualExclusion:231 - process1: size of queueack = 4
2024-04-14 23:17:51 INFO  MutualExclusion:232 - process1: numvoters = 4
2024-04-14 23:17:51 INFO  MutualExclusion:237 - All messages returned, proceeding to clear queueack.
2024-04-14 23:17:51 INFO  MutualExclusion:231 - process5: size of queueack = 3
2024-04-14 23:17:51 INFO  MutualExclusion:231 - process2: size of queueack = 5
2024-04-14 23:17:51 INFO  MutualExclusion:232 - process5: numvoters = 4
2024-04-14 23:17:51 INFO  MutualExclusion:232 - process2: numvoters = 4
2024-04-14 23:17:51 WARN  MutualExclusion:240 - Expected acknowledgments not yet received, current size: 3
2024-04-14 23:17:51 WARN  MutualExclusion:240 - Expected acknowledgments not yet received, current size: 5
2024-04-14 23:17:51 INFO  UpdateOperations:90 - Trying to update file replicas for peer: 210821560651360572675896360671414673172
2024-04-14 23:17:51 INFO  UpdateOperations:69 - Update file is being performed by this peer: process4 | 140065589670395970233963560630295105848
2024-04-14 23:17:51 INFO  UpdateOperations:102 - Finished updating file for peer: 210821560651360572675896360671414673172
2024-04-14 23:17:51 INFO  UpdateOperations:90 - Trying to update file replicas for peer: 15618062003214643351512781541041391612
2024-04-14 23:17:51 INFO  UpdateOperations:69 - Update file is being performed by this peer: process2 | 13988058880685873568223126745537177142
2024-04-14 23:17:51 INFO  UpdateOperations:102 - Finished updating file for peer: 15618062003214643351512781541041391612
2024-04-14 23:17:51 INFO  UpdateOperations:90 - Trying to update file replicas for peer: 53937554629190552131995290006614509577
2024-04-14 23:17:51 INFO  UpdateOperations:69 - Update file is being performed by this peer: process1 | 22851974182570490653634187770374799407
2024-04-14 23:17:51 INFO  UpdateOperations:102 - Finished updating file for peer: 53937554629190552131995290006614509577
2024-04-14 23:17:51 INFO  UpdateOperations:90 - Trying to update file replicas for peer: 121411138451101288395601026024677976156
2024-04-14 23:17:51 INFO  UpdateOperations:69 - Update file is being performed by this peer: process5 | 73806995735690189889297542544385123161
2024-04-14 23:17:51 INFO  UpdateOperations:102 - Finished updating file for peer: 121411138451101288395601026024677976156
fu1: true
fu2: false
fu4: false
fu5: false
[false, false, false, true]|[false, false, false, true]
]]></system-out>
  </testcase>
</testsuite>